
xwininfo: Please select the window about which you
          would like information by clicking the
          mouse in that window.

xwininfo: Window id: 0x2809d52 "ZFI_TAX_REPORT_ALV - RE-Reports - Accounting - ALV Adv. Ret. f - \\Remote"

  Absolute upper-left X:  65
  Absolute upper-left Y:  24
  Relative upper-left X:  0
  Relative upper-left Y:  0
  Width: 1215
  Height: 870
  Depth: 24
  Visual: 0x21
  Visual Class: TrueColor
  Border width: 0
  Class: InputOutput
  Colormap: 0x20 (installed)
  Bit Gravity State: ForgetGravity
  Window Gravity State: NorthWestGravity
  Backing Store State: NotUseful
  Save Under State: no
  Map State: IsViewable
  Override Redirect State: no
  Corners:  +65+24  -0+24  -0-130  +65-130
  -geometry 1215x870--10+14

