WM_NORMAL_HINTS(WM_SIZE_HINTS):
		program specified minimum size: 112 by 27
		program specified maximum size: 1292 by 1036
		program specified resize increment: 1 by 1
_NET_WM_ICON_GEOMETRY(CARDINAL) = 5, 415, 54, 54
_NET_FRAME_EXTENTS(CARDINAL) = 0, 0, 0, 0
WM_STATE(WM_STATE):
		window state: Normal
		icon window: 0x0
_NET_WM_DESKTOP(CARDINAL) = 0
_NET_WM_ALLOWED_ACTIONS(ATOM) = _NET_WM_ACTION_MOVE, _NET_WM_ACTION_RESIZE, _NET_WM_ACTION_STICK, _NET_WM_ACTION_MAXIMIZE_HORZ, _NET_WM_ACTION_MAXIMIZE_VERT, _NET_WM_ACTION_CLOSE, _NET_WM_ACTION_SHADE, _NET_WM_ACTION_CHANGE_DESKTOP, _NET_WM_ACTION_ABOVE, _NET_WM_ACTION_BELOW
_NET_WM_NAME(UTF8_STRING) = "Inbox - XXXX - Microsoft Outlook - \\\\Remote"
WM_NAME(STRING) = "Inbox - XXXX - Microsoft Outlook - \\Remote"
_NET_WM_PID(CARDINAL) = 20312
_NET_WM_WINDOW_TYPE(ATOM) = _NET_WM_WINDOW_TYPE_DIALOG
_NET_WM_STATE(ATOM) = _NET_WM_STATE_SKIP_TASKBAR, _NET_WM_STATE_SKIP_PAGER
_MOTIF_WM_HINTS(_MOTIF_WM_HINTS) = 0x3, 0x1, 0x0, 0x0, 0x0
WM_PROTOCOLS(ATOM): protocols  WM_DELETE_WINDOW
WM_HINTS(WM_HINTS):
		Client accepts input or input focus: True
WM_CLASS(STRING) = "RAIL", "RAIL:000300F8"
